  SandboxApp.cpp
d:\gameengine\game-engine\game-engine\src\gameengine\events\event.h(44): error C2039: 'string': is not a member of 'std'
  d:\gameengine\game-engine\sandbox\predefined c++ types (compiler internal)(257): note: see declaration of 'std'
d:\gameengine\game-engine\game-engine\src\gameengine\events\event.h(44): error C3646: 'ToString': unknown override specifier
d:\gameengine\game-engine\game-engine\src\gameengine\events\event.h(44): error C2059: syntax error: ')'
d:\gameengine\game-engine\game-engine\src\gameengine\events\event.h(44): error C2334: unexpected token(s) preceding '{'; skipping apparent function body
d:\gameengine\game-engine\game-engine\src\gameengine\events\event.h(62): error C2039: 'function': is not a member of 'std'
  d:\gameengine\game-engine\sandbox\predefined c++ types (compiler internal)(257): note: see declaration of 'std'
d:\gameengine\game-engine\game-engine\src\gameengine\events\event.h(62): error C2061: syntax error: identifier 'function'
d:\gameengine\game-engine\game-engine\src\gameengine\events\event.h(63): error C2334: unexpected token(s) preceding ':'; skipping apparent function body
d:\gameengine\game-engine\game-engine\src\gameengine\events\event.h(83): error C2039: 'ostream': is not a member of 'std'
  d:\gameengine\game-engine\sandbox\predefined c++ types (compiler internal)(257): note: see declaration of 'std'
d:\gameengine\game-engine\game-engine\src\gameengine\events\event.h(83): error C2988: unrecognizable template declaration/definition
d:\gameengine\game-engine\game-engine\src\gameengine\events\event.h(83): error C2143: syntax error: missing ';' before '&'
d:\gameengine\game-engine\game-engine\src\gameengine\events\event.h(83): error C7524: 'inline' specifier cannot appear on a block-scope declaration or non-static data member
d:\gameengine\game-engine\game-engine\src\gameengine\events\event.h(83): error C4430: missing type specifier - int assumed. Note: C++ does not support default-int
d:\gameengine\game-engine\game-engine\src\gameengine\events\event.h(84): error C2334: unexpected token(s) preceding '{'; skipping apparent function body
d:\gameengine\game-engine\game-engine\src\gameengine\application.h(6): error C2988: unrecognizable template declaration/definition
d:\gameengine\game-engine\game-engine\src\gameengine\application.h(6): error C2059: syntax error: 'namespace'
d:\gameengine\game-engine\game-engine\src\gameengine\application.h(6): error C2143: syntax error: missing ';' before '{'
d:\gameengine\game-engine\game-engine\src\gameengine\application.h(6): error C2447: '{': missing function header (old-style formal list?)
c:\program files (x86)\microsoft visual studio\2017\community\vc\tools\msvc\14.15.26726\include\vadefs.h(112): error C2065: 'va_list': undeclared identifier
c:\program files (x86)\microsoft visual studio\2017\community\vc\tools\msvc\14.15.26726\include\vadefs.h(112): error C2988: unrecognizable template declaration/definition
c:\program files (x86)\microsoft visual studio\2017\community\vc\tools\msvc\14.15.26726\include\vadefs.h(112): error C2059: syntax error: ','
c:\program files (x86)\microsoft visual studio\2017\community\vc\tools\msvc\14.15.26726\include\vadefs.h(132): error C2631: '__vcrt_va_list_is_reference': a class or enum cannot be defined in an alias template
d:\gameengine\game-engine\sandbox\src\sandboxapp.cpp : error C2988: unrecognizable template declaration/definition
d:\gameengine\game-engine\sandbox\src\sandboxapp.cpp : error C2059: syntax error: 'extern'
d:\gameengine\game-engine\sandbox\src\sandboxapp.cpp : fatal error C1903: unable to recover from previous error(s); stopping compilation
